{"C:\\CURSO\\teste-de-unidade-jest\\src\\acesso-evento.js": {"path":"C:\\CURSO\\teste-de-unidade-jest\\src\\acesso-evento.js","statementMap":{"0":{"start":{"line":2,"column":4},"end":{"line":4,"column":5}},"1":{"start":{"line":3,"column":8},"end":{"line":3,"column":32}},"2":{"start":{"line":6,"column":4},"end":{"line":6,"column":26}},"3":{"start":{"line":9,"column":0},"end":{"line":9,"column":37}}},"fnMap":{"0":{"name":"podeAcessarEvento","decl":{"start":{"line":1,"column":9},"end":{"line":1,"column":26}},"loc":{"start":{"line":1,"column":50},"end":{"line":7,"column":1}},"line":1}},"branchMap":{"0":{"loc":{"start":{"line":2,"column":4},"end":{"line":4,"column":5}},"type":"if","locations":[{"start":{"line":2,"column":4},"end":{"line":4,"column":5}},{"start":{},"end":{}}],"line":2},"1":{"loc":{"start":{"line":2,"column":8},"end":{"line":2,"column":37}},"type":"binary-expr","locations":[{"start":{"line":2,"column":8},"end":{"line":2,"column":19}},{"start":{"line":2,"column":23},"end":{"line":2,"column":37}}],"line":2}},"s":{"0":4,"1":1,"2":3,"3":1},"f":{"0":4},"b":{"0":[1,3],"1":[4,2]},"_coverageSchema":"1a1c01bbd47fc00a2c39e90264f33305004495a9","hash":"6f080159d1946e2b6c4e8a947bf19173fc043196"}
,"C:\\CURSO\\teste-de-unidade-jest\\src\\calculadora.js": {"path":"C:\\CURSO\\teste-de-unidade-jest\\src\\calculadora.js","statementMap":{"0":{"start":{"line":3,"column":4},"end":{"line":3,"column":16}},"1":{"start":{"line":7,"column":4},"end":{"line":7,"column":16}},"2":{"start":{"line":12,"column":4},"end":{"line":12,"column":16}},"3":{"start":{"line":16,"column":4},"end":{"line":18,"column":5}},"4":{"start":{"line":17,"column":8},"end":{"line":17,"column":49}},"5":{"start":{"line":19,"column":4},"end":{"line":19,"column":16}},"6":{"start":{"line":22,"column":0},"end":{"line":22,"column":57}}},"fnMap":{"0":{"name":"somar","decl":{"start":{"line":2,"column":9},"end":{"line":2,"column":14}},"loc":{"start":{"line":2,"column":21},"end":{"line":4,"column":1}},"line":2},"1":{"name":"subtrair","decl":{"start":{"line":6,"column":9},"end":{"line":6,"column":17}},"loc":{"start":{"line":6,"column":24},"end":{"line":8,"column":1}},"line":6},"2":{"name":"multiplicar","decl":{"start":{"line":11,"column":9},"end":{"line":11,"column":20}},"loc":{"start":{"line":11,"column":27},"end":{"line":13,"column":1}},"line":11},"3":{"name":"dividir","decl":{"start":{"line":15,"column":9},"end":{"line":15,"column":16}},"loc":{"start":{"line":15,"column":23},"end":{"line":20,"column":1}},"line":15}},"branchMap":{"0":{"loc":{"start":{"line":16,"column":4},"end":{"line":18,"column":5}},"type":"if","locations":[{"start":{"line":16,"column":4},"end":{"line":18,"column":5}},{"start":{},"end":{}}],"line":16}},"s":{"0":3,"1":1,"2":1,"3":2,"4":1,"5":1,"6":1},"f":{"0":3,"1":1,"2":1,"3":2},"b":{"0":[1,1]},"_coverageSchema":"1a1c01bbd47fc00a2c39e90264f33305004495a9","hash":"e029ef3ed39af7a33e6b8e2af986747324400dfd"}
,"C:\\CURSO\\teste-de-unidade-jest\\src\\impar-ou-par.js": {"path":"C:\\CURSO\\teste-de-unidade-jest\\src\\impar-ou-par.js","statementMap":{"0":{"start":{"line":2,"column":19},"end":{"line":2,"column":45}},"1":{"start":{"line":3,"column":16},"end":{"line":3,"column":32}},"2":{"start":{"line":5,"column":4},"end":{"line":8,"column":5}},"3":{"start":{"line":6,"column":8},"end":{"line":6,"column":52}},"4":{"start":{"line":7,"column":8},"end":{"line":7,"column":14}},"5":{"start":{"line":10,"column":4},"end":{"line":14,"column":5}},"6":{"start":{"line":11,"column":8},"end":{"line":11,"column":40}},"7":{"start":{"line":13,"column":8},"end":{"line":13,"column":42}},"8":{"start":{"line":17,"column":0},"end":{"line":17,"column":40}}},"fnMap":{"0":{"name":"verificarParOuImpar","decl":{"start":{"line":1,"column":9},"end":{"line":1,"column":28}},"loc":{"start":{"line":1,"column":31},"end":{"line":15,"column":1}},"line":1}},"branchMap":{"0":{"loc":{"start":{"line":5,"column":4},"end":{"line":8,"column":5}},"type":"if","locations":[{"start":{"line":5,"column":4},"end":{"line":8,"column":5}},{"start":{},"end":{}}],"line":5},"1":{"loc":{"start":{"line":10,"column":4},"end":{"line":14,"column":5}},"type":"if","locations":[{"start":{"line":10,"column":4},"end":{"line":14,"column":5}},{"start":{"line":12,"column":11},"end":{"line":14,"column":5}}],"line":10}},"s":{"0":4,"1":4,"2":4,"3":2,"4":2,"5":2,"6":1,"7":1,"8":1},"f":{"0":4},"b":{"0":[2,2],"1":[1,1]},"_coverageSchema":"1a1c01bbd47fc00a2c39e90264f33305004495a9","hash":"cd05448857815892b64cd9f138ad7fe020f8edf1"}
,"C:\\CURSO\\teste-de-unidade-jest\\src\\pode-votar.js": {"path":"C:\\CURSO\\teste-de-unidade-jest\\src\\pode-votar.js","statementMap":{"0":{"start":{"line":10,"column":2},"end":{"line":10,"column":64}},"1":{"start":{"line":10,"column":49},"end":{"line":10,"column":64}},"2":{"start":{"line":20,"column":2},"end":{"line":20,"column":54}},"3":{"start":{"line":20,"column":34},"end":{"line":20,"column":54}},"4":{"start":{"line":27,"column":2},"end":{"line":27,"column":22}},"5":{"start":{"line":30,"column":0},"end":{"line":30,"column":35}}},"fnMap":{"0":{"name":"avaliarVotacao","decl":{"start":{"line":8,"column":9},"end":{"line":8,"column":23}},"loc":{"start":{"line":8,"column":56},"end":{"line":28,"column":1}},"line":8}},"branchMap":{"0":{"loc":{"start":{"line":10,"column":2},"end":{"line":10,"column":64}},"type":"if","locations":[{"start":{"line":10,"column":2},"end":{"line":10,"column":64}},{"start":{},"end":{}}],"line":10},"1":{"loc":{"start":{"line":10,"column":6},"end":{"line":10,"column":47}},"type":"binary-expr","locations":[{"start":{"line":10,"column":6},"end":{"line":10,"column":19}},{"start":{"line":10,"column":23},"end":{"line":10,"column":33}},{"start":{"line":10,"column":37},"end":{"line":10,"column":47}}],"line":10},"2":{"loc":{"start":{"line":20,"column":2},"end":{"line":20,"column":54}},"type":"if","locations":[{"start":{"line":20,"column":2},"end":{"line":20,"column":54}},{"start":{},"end":{}}],"line":20},"3":{"loc":{"start":{"line":20,"column":6},"end":{"line":20,"column":32}},"type":"binary-expr","locations":[{"start":{"line":20,"column":6},"end":{"line":20,"column":17}},{"start":{"line":20,"column":21},"end":{"line":20,"column":32}}],"line":20}},"s":{"0":11,"1":6,"2":5,"3":3,"4":2,"5":1},"f":{"0":11},"b":{"0":[6,5],"1":[11,8,6],"2":[3,2],"3":[5,4]},"_coverageSchema":"1a1c01bbd47fc00a2c39e90264f33305004495a9","hash":"f2a663b6ca50cd597152d473c1d836e950927f86"}
,"C:\\CURSO\\teste-de-unidade-jest\\src\\verificar-idade.js": {"path":"C:\\CURSO\\teste-de-unidade-jest\\src\\verificar-idade.js","statementMap":{"0":{"start":{"line":2,"column":17},"end":{"line":2,"column":19}},"1":{"start":{"line":4,"column":2},"end":{"line":6,"column":3}},"2":{"start":{"line":5,"column":4},"end":{"line":5,"column":31}},"3":{"start":{"line":8,"column":2},"end":{"line":8,"column":17}},"4":{"start":{"line":11,"column":0},"end":{"line":11,"column":32}}},"fnMap":{"0":{"name":"verificarIdade","decl":{"start":{"line":1,"column":9},"end":{"line":1,"column":23}},"loc":{"start":{"line":1,"column":31},"end":{"line":9,"column":1}},"line":1}},"branchMap":{"0":{"loc":{"start":{"line":4,"column":2},"end":{"line":6,"column":3}},"type":"if","locations":[{"start":{"line":4,"column":2},"end":{"line":6,"column":3}},{"start":{},"end":{}}],"line":4}},"s":{"0":2,"1":2,"2":1,"3":2,"4":1},"f":{"0":2},"b":{"0":[1,1]},"_coverageSchema":"1a1c01bbd47fc00a2c39e90264f33305004495a9","hash":"6722747bc8fafd49e3bf0b4a3409daceb57a7903"}
}
