TN:
SF:src\acesso-evento.js
FN:1,podeAcessarEvento
FNF:1
FNH:1
FNDA:4,podeAcessarEvento
DA:2,4
DA:3,1
DA:6,3
DA:9,1
LF:4
LH:4
BRDA:2,0,0,1
BRDA:2,0,1,3
BRDA:2,1,0,4
BRDA:2,1,1,2
BRF:4
BRH:4
end_of_record
TN:
SF:src\calculadora.js
FN:2,somar
FN:6,subtrair
FN:11,multiplicar
FN:15,dividir
FNF:4
FNH:4
FNDA:3,somar
FNDA:1,subtrair
FNDA:1,multiplicar
FNDA:2,dividir
DA:3,3
DA:7,1
DA:12,1
DA:16,2
DA:17,1
DA:19,1
DA:22,1
LF:7
LH:7
BRDA:16,0,0,1
BRDA:16,0,1,1
BRF:2
BRH:2
end_of_record
TN:
SF:src\impar-ou-par.js
FN:1,verificarParOuImpar
FNF:1
FNH:1
FNDA:4,verificarParOuImpar
DA:2,4
DA:3,4
DA:5,4
DA:6,2
DA:7,2
DA:10,2
DA:11,1
DA:13,1
DA:17,1
LF:9
LH:9
BRDA:5,0,0,2
BRDA:5,0,1,2
BRDA:10,1,0,1
BRDA:10,1,1,1
BRF:4
BRH:4
end_of_record
TN:
SF:src\pode-votar.js
FN:8,avaliarVotacao
FNF:1
FNH:1
FNDA:11,avaliarVotacao
DA:10,11
DA:20,5
DA:27,2
DA:30,1
LF:4
LH:4
BRDA:10,0,0,6
BRDA:10,0,1,5
BRDA:10,1,0,11
BRDA:10,1,1,8
BRDA:10,1,2,6
BRDA:20,2,0,3
BRDA:20,2,1,2
BRDA:20,3,0,5
BRDA:20,3,1,4
BRF:9
BRH:9
end_of_record
TN:
SF:src\verificar-idade.js
FN:1,verificarIdade
FNF:1
FNH:1
FNDA:2,verificarIdade
DA:2,2
DA:4,2
DA:5,1
DA:8,2
DA:11,1
LF:5
LH:5
BRDA:4,0,0,1
BRDA:4,0,1,1
BRF:2
BRH:2
end_of_record
